<?xml version="1.0" encoding="UTF-8"?>
<!-- Generated by org.testng.reporters.JUnitReportReporter -->
<testsuite hostname="SIGNIFI-308" failures="0" tests="1" name="getuser.Endpoints$Tests" time="3.182" errors="0" timestamp="2023-08-05T23:50:24 EDT" skipped="0">
  <testcase classname="getuser.Endpoints$Tests" name="testgetuser" time="3.182"/>
</testsuite> <!-- getuser.Endpoints$Tests -->
